<?xml version="1.0" encoding="UTF-8"?>
<!-- Generated by org.testng.reporters.JUnitReportReporter -->
<testsuite hostname="QSP" failures="0" tests="1" name="testScripts.AddingCourseTocart" time="54.945" errors="0" timestamp="2021-11-16T17:26:12 IST" skipped="0">
  <testcase classname="testScripts.AddingCourseTocart" name="tc1" time="54.945"/>
</testsuite> <!-- testScripts.AddingCourseTocart -->
