<?xml version="1.0" encoding="UTF-8"?>
<!-- Generated by org.testng.reporters.JUnitReportReporter -->
<testsuite hostname="QSP" failures="0" tests="1" name="testScripts.FaceBookLike" time="44.171" errors="0" timestamp="2021-11-16T17:26:12 IST" skipped="0">
  <testcase classname="testScripts.FaceBookLike" name="tc3" time="44.171"/>
</testsuite> <!-- testScripts.FaceBookLike -->
